266:
3.2
3.3
2.7
3.4
3.5
2.8
5876:
3.0
3.2
3.3
3.6
2.8
3.7
3.1
3.6
3.6
4.4
3.7
3.3
2.6
3.7
4.2
4.0
3.1
3.2
4.3
2.8
10001:
3.5
4.4
3.8
2.8
4.4
3.5
3.5
4.1
4.0
3.6
4.2
4.2
3.0
4.3
3.7
3.6
4.5
10002:
4.3
3.4
4.8
4.1
10003:
2.5
10004:
5.0
4.2
4.4
4.0
4.8
4.4
4.5
4.4
4.4
4.3
4.5
4.0
4.4
4.0
4.5
4.4
4.5
4.5
4.7
4.1
4.3
4.1
4.1
4.2
5.0
3.9
4.2
4.4
3.6
4.9
4.6
10005:
3.6
4.1
3.3
3.0
3.1
10006:
3.8
3.2
4.0
2.7
10007:
2.1
2.7
2.3
2.3
2.1
2.6
2.2
2.9
2.5
2.8
2.3
2.6
2.4
10008:
4.8
3.3
3.6
2.8
4.3
4.0
4.0
10010:
2.3
2.1
2.1
3.0
2.7
2.3
2.4
2.2
1.7
2.5
1.9
1.9
2.0
1.7
2.9
2.2
1.9
2.7
1.3
2.3
1.7
1.9
1.9
10011:
4.5
4.1
10012:
3.1
4.0
3.0
3.1
3.7
3.8
2.5
3.3
3.0
3.3
3.8
3.1
3.0
10013:
3.6
3.3
3.6
3.7
3.3
3.5
3.3
3.6
3.3
3.8
2.9
4.0
3.2
3.6
3.1
3.2
2.9
3.1
3.4
2.8
3.0
2.7
3.2
3.6
3.6
3.2
3.4
2.6
2.8
3.3
3.1
2.8
2.9
3.8
3.1
3.0
3.4
4.0
3.8
2.8
4.1
3.3
3.5
3.4
3.5
2.7
3.2
3.4
3.0
3.6
3.0
3.1
3.6
3.8
3.3
2.7
3.8
10014:
3.1
4.0
2.6
3.6
3.1
10015:
3.8
3.3
2.9
3.5
3.9
3.5
4.1
3.9
3.9
3.4
4.0
3.7
3.5
4.1
4.1
3.5
3.8
4.2
3.8
4.2
5.0
4.2
4.7
2.9
3.2
3.3
4.2
3.7
10016:
2.7
1.9
2.2
2.9
3.7
10017:
3.1
3.4
3.2
10018:
4.7
3.9
2.9
3.1
3.5
3.8
3.6
3.3
2.4
4.0
3.6
4.0
3.9
3.8
3.3
3.7
3.5
3.6
3.5
3.6
3.5
3.2
4.1
4.2
3.4
4.0
3.6
3.9
3.7
4.1
10019:
3.5
3.1
3.8
3.0
4.4
4.3
3.5
2.7
3.8
3.4
4.5
3.0
3.0
3.3
3.8
3.6
3.9
3.5
3.4
4.4
3.8
3.8
3.8
3.6
4.0
3.9
3.1
3.3
3.3
3.8
3.4
3.4
3.8
4.0
3.3
4.1
2.4
3.7
4.0
4.0
4.1
4.2
3.7
3.9
4.2
3.0
3.8
4.2
3.9
3.7
3.1
3.3
3.9
3.3
3.4
2.4
2.9
3.2
4.4
3.2
2.9
3.4
3.3
3.4
3.9
4.8
3.4
4.8
3.6
1002:
3.2
2.8
3.4
3.5
3.4
3.6
3.9
2.4
3.5
3.5
4.1
3.5
3.3
3.1
10020:
4.0
4.2
3.8
4.3
4.0
3.8
4.0
4.4
4.3
4.1
4.0
5.0
3.8
4.1
4.0
4.0
4.4
3.7
4.3
3.7
4.5
3.4
3.9
3.8
3.4
2.6
4.3
10021:
2.0
2.5
2.6
2.2
10022:
2.2
3.3
3.0
2.7
3.3
3.3
2.6
2.6
10023:
4.0
3.9
4.0
3.6
4.9
3.6
3.4
3.9
3.5
4.0
4.5
10024:
3.6
4.0
3.3
3.9
3.5
3.1
3.1
3.2
3.7
3.8
10025:
2.9
10027:
4.6
3.8
3.7
3.8
3.1
3.7
3.6
4.3
3.4
4.2
3.9
3.9
4.1
3.4
4.0
4.4
3.7
4.2
4.3
4.0
3.6
4.3
3.9
3.7
4.3
4.1
4.5
4.6
4.8
4.6
4.7
4.2
3.4
3.7
4.1
4.6
4.8
4.1
4.2
3.6
4.3
4.3
5.0
3.8
3.7
4.4
4.2
4.0
4.5
4.4
4.0
4.4
3.8
3.7
3.6
4.3
3.6
3.7
4.5
4.3
3.7
3.8
3.4
3.3
4.6
5.0
3.3
4.2
3.4
4.4
4.3
4.2
4.1
3.9
4.6
4.1
4.4
4.2
3.0
3.8
4.8
5.0
3.1
3.9
4.1
4.4
3.9
4.2
10028:
2.9
3.1
2.8
3.9
4.0
2.7
4.2
10029:
3.1
4.0
3.8
2.9
10031:
3.3
2.7
3.6
2.5
4.0
2.9
2.7
2.3
2.7
10032:
3.1
4.9
4.3
4.4
4.2
2.8
3.6
3.5
3.9
2.5
3.3
4.3
4.8
3.5
4.2
2.9
3.8
3.5
3.5
3.7
3.3
3.6
3.4
3.6
3.6
3.1
3.5
3.6
4.3
3.3
3.7
3.9
4.2
3.9
3.5
4.1
3.4
3.3
3.5
3.5
3.6
3.7
3.5
3.1
3.5
3.7
4.0
10033:
3.7
3.3
2.4
3.4
3.3
2.7
3.1
2.9
3.3
2.9
3.5
3.2
4.5
3.7
10034:
1.7
2.4
10035:
2.7
4.8
4.9
4.4
4.6
4.5
3.7
3.6
3.9
3.5
4.1
3.9
4.2
4.3
4.0
4.0
4.1
4.3
4.4
5.0
10036:
3.4
3.5
3.7
3.4
4.0
3.7
3.1
3.8
2.9
3.2
3.4
3.7
4.1
4.0
4.7
4.1
3.8
4.1
2.7
3.2
3.9
3.5
4.3
4.1
4.1
4.3
4.0
3.9
4.0
3.1
3.8
3.2
3.1
3.6
3.5
3.6
3.9
3.8
3.6
4.0
3.5
4.0
4.4
4.2
4.0
4.2
4.8
4.7
3.3
4.2
3.4
3.9
3.9
3.2
3.7
4.5
3.3
5.0
3.5
4.2
4.0
4.5
3.3
4.6
3.4
4.6
3.7
4.2
4.0
4.1
4.8
4.1
3.9
3.4
4.1
4.4
4.2
3.4
4.2
4.2
3.8
3.5
4.8
4.2
3.1
3.9
3.7
4.0
4.0
3.7
3.5
4.4
3.6
4.3
3.7
3.4
3.4
4.0
3.6
4.3
4.4
3.9
3.6
4.6
3.4
3.1
3.9
3.3
3.5
4.0
4.0
3.5
3.7
4.1
3.6
3.8
4.7
3.5
3.6
4.1
3.8
3.9
4.0
3.7
4.0
3.5
4.4
4.6
3.6
3.4
4.1
3.3
3.4
4.2
3.6
3.4
4.0
3.9
4.2
3.2
4.8
4.3
3.3
3.8
3.5
4.7
3.5
4.0
3.5
3.4
4.0
4.1
4.1
3.6
3.8
3.5
4.9
3.6
3.8
4.5
4.2
3.5
4.1
4.2
3.8
3.8
4.2
4.5
3.9
3.6
3.4
3.6
4.3
3.5
4.1
4.0
3.7
4.2
4.2
4.5
3.8
4.5
3.3
3.9
4.8
3.7
3.8
3.8
4.1
3.8
4.0
3.4
4.0
4.8
4.2
3.1
3.8
4.0
3.2
3.9
3.9
3.9
3.6
3.9
3.0
4.9
3.9
4.1
3.4
3.7
3.8
3.5
4.5
3.6
3.6
10037:
3.9
3.1
3.3
3.8
3.7
3.7
3.3
2.8
3.1
3.7
3.1
3.2
3.3
3.3
10038:
4.0
3.2
3.0
3.2
3.0
3.5
3.5
2.8
10039:
1.6
1004:
2.3
2.3
2.7
2.7
3.2
2.9
3.0
3.6
2.2
3.0
3.1
3.6
3.3
2.9
2.5
2.2
2.7
3.0
2.6
2.9
3.1
2.7
2.5
1.5
2.5
2.1
2.8
2.9
2.4
2.9
3.0
10040:
3.1
2.9
3.6
10041:
3.4
2.9
3.0
2.7
3.0
3.1
3.7
3.0
3.3
2.7
2.4
3.3
3.8
2.7
3.1
3.4
3.1
2.6
2.9
2.4
2.8
3.1
2.7
2.9
3.3
2.3
3.2
2.7
3.2
2.8
3.3
10042:
4.8
4.3
4.8
4.4
4.6
5.0
5.0
4.2
5.0
4.4
4.8
4.4
4.8
4.6
4.7
5.0
4.3
5.0
4.9
4.8
4.4
5.0
3.8
4.6
4.7
5.0
4.9
3.4
4.9
4.8
4.7
4.9
4.7
5.0
4.7
5.0
4.5
4.7
4.3
4.0
4.8
4.5
4.4
4.2
4.5
5.0
4.7
4.2
4.5
4.2
4.6
5.0
5.0
4.1
5.0
5.0
3.9
4.8
4.1
4.5
4.7
4.6
4.7
4.6
3.9
4.0
4.4
5.0
4.5
4.1
4.3
4.2
4.7
4.4
4.2
5.0
5.0
4.6
4.6
4.9
4.1
4.6
4.9
4.6
5.0
4.3
4.5
4.9
4.0
5.0
4.4
4.8
5.0
4.5
4.6
5.0
4.6
4.7
4.6
4.4
5.0
5.0
4.4
5.0
4.9
4.5
4.6
4.7
5.0
4.6
5.0
4.7
4.1
5.0
4.2
4.5
4.7
4.1
4.8
5.0
4.0
5.0
4.7
5.0
5.0
5.0
4.0
4.4
4.8
4.3
4.4
4.8
4.6
2.8
4.5
4.6
5.0
5.0
4.3
5.0
4.5
5.0
4.6
4.5
4.6
4.6
4.8
4.0
4.2
5.0
4.3
4.8
5.0
4.7
5.0
4.5
4.5
4.0
4.1
4.9
3.7
5.0
4.7
4.7
4.5
5.0
4.4
4.4
4.5
4.8
5.0
5.0
4.2
4.4
5.0
4.4
4.8
5.0
5.0
4.8
4.2
4.7
5.0
4.4
4.7
5.0
4.3
3.9
4.5
5.0
4.3
4.6
5.0
4.3
5.0
5.0
5.0
4.5
4.7
4.8
4.8
5.0
4.8
4.5
4.9
3.3
4.9
4.7
4.8
4.4
4.3
4.5
5.0
5.0
5.0
5.0
5.0
4.9
4.6
4.9
4.5
4.9
5.0
4.9
4.7
4.9
5.0
4.4
4.6
4.6
4.7
4.7
4.6
4.5
5.0
4.6
5.0
4.4
4.9
4.8
4.3
5.0
4.2
5.0
4.9
5.0
5.0
5.0
4.6
4.8
4.1
4.7
5.0
4.6
4.6
4.5
4.2
4.9
4.8
4.1
4.1
4.1
4.7
5.0
3.9
4.5
4.5
5.0
4.4
4.4
4.7
5.0
4.6
4.3
4.1
4.2
4.6
4.9
4.7
4.7
4.6
4.4
5.0
4.4
4.9
4.5
4.1
5.0
4.4
4.8
4.9
4.2
4.9
4.3
5.0
4.2
4.5
4.7
4.4
4.5
4.9
4.7
4.8
4.7
4.0
4.7
4.6
4.7
4.9
4.9
4.7
4.4
4.8
4.6
4.6
5.0
4.4
5.0
5.0
4.4
4.9
4.4
5.0
4.9
5.0
5.0
5.0
4.8
5.0
4.6
5.0
4.7
4.1
5.0
4.4
4.8
4.8
5.0
4.4
5.0
5.0
4.9
5.0
5.0
4.3
5.0
4.9
5.0
4.4
4.9
5.0
4.4
5.0
4.5
4.1
4.8
4.8
5.0
4.5
4.8
4.4
4.4
4.6
4.6
4.7
4.6
4.2
4.3
5.0
4.3
5.0
4.6
4.6
4.5
4.6
5.0
4.0
3.8
4.8
4.8
4.7
4.7
4.1
4.8
4.4
5.0
4.6
4.5
4.2
4.7
4.7
4.2
4.7
4.1
4.2
5.0
4.7
4.0
4.6
4.9
4.6
4.5
4.4
4.5
4.6
4.7
4.9
4.6
4.0
5.0
5.0
4.2
4.8
4.6
4.2
4.8
4.2
5.0
4.8
4.0
5.0
4.7
4.8
5.0
4.7
4.2
5.0
5.0
4.9
4.3
4.4
5.0
4.2
4.7
4.8
4.0
4.5
3.4
4.4
4.6
4.4
5.0
4.7
4.7
5.0
4.8
4.9
4.5
4.5
4.2
4.4
5.0
3.8
5.0
5.0
5.0
4.3
4.8
4.5
5.0
4.6
4.3
4.3
4.2
5.0
4.7
5.0
3.7
4.9
5.0
4.8
4.6
4.5
5.0
5.0
5.0
4.9
5.0
4.3
4.0
4.8
4.8
4.5
4.3
5.0
4.2
3.8
4.5
4.7
4.3
4.7
4.4
4.1
4.7
4.7
5.0
4.5
4.8
4.7
4.3
3.8
4.0
4.6
4.2
3.6
5.0
4.8
5.0
4.0
4.7
4.7
5.0
4.6
4.5
5.0
5.0
5.0
5.0
4.4
4.4
5.0
4.3
4.2
4.6
5.0
4.7
4.6
4.0
3.8
5.0
4.8
4.2
4.4
4.9
5.0
4.4
5.0
5.0
5.0
4.6
4.2
5.0
4.9
4.6
5.0
5.0
4.1
5.0
4.9
4.7
3.8
3.6
5.0
3.0
4.5
5.0
4.5
4.4
4.1
4.9
4.4
4.3
4.9
4.6
5.0
5.0
4.5
4.2
4.7
4.2
4.4
4.1
4.1
5.0
4.3
4.9
4.7
3.9
4.7
4.7
5.0
3.9
4.5
4.2
4.2
4.6
4.5
4.8
5.0
5.0
4.7
4.7
4.3
4.4
4.0
4.6
4.8
4.9
4.5
4.2
4.7
4.9
4.7
4.2
3.9
4.8
4.5
4.5
5.0
4.1
4.5
4.2
5.0
4.8
4.3
4.4
4.4
5.0
4.4
4.3
4.1
4.6
4.7
4.6
4.2
4.7
4.0
3.9
4.8
4.5
4.7
4.9
4.8
4.4
4.6
4.2
5.0
4.7
4.9
5.0
4.9
4.2
4.8
4.8
5.0
5.0
5.0
4.5
4.4
4.5
4.4
4.7
4.7
4.8
5.0
4.9
4.6
4.9
4.5
4.8
3.7
5.0
3.9
4.7
4.9
5.0
4.6
4.2
4.4
4.7
4.6
4.4
5.0
5.0
5.0
4.8
4.1
4.8
4.2
4.4
5.0
4.4
4.9
4.1
4.6
4.5
4.5
5.0
4.5
4.4
4.3
5.0
4.7
4.5
4.6
4.8
4.8
5.0
4.7
4.6
4.8
4.0
4.5
4.8
4.8
5.0
4.6
4.5
4.3
4.5
4.6
4.2
4.7
5.0
4.8
5.0
4.9
4.6
4.9
4.6
4.2
5.0
5.0
4.7
4.0
4.3
4.8
3.6
4.1
4.2
4.7
4.7
5.0
4.3
5.0
4.7
4.5
4.6
4.4
3.6
4.6
4.7
4.0
5.0
4.3
4.6
5.0
4.9
4.9
5.0
4.3
5.0
5.0
4.5
4.8
4.8
10043:
4.3
4.2
4.1
3.6
4.1
4.0
3.7
4.2
4.8
4.0
4.3
4.6
4.1
4.5
4.1
3.9
4.6
4.1
3.9
3.8
4.5
4.5
4.2
4.4
3.8
4.3
4.2
4.6
4.5
3.3
4.0
4.2
4.0
4.3
4.3
4.0
4.3
4.7
4.6
4.1
4.4
3.6
2.9
4.0
3.9
4.3
3.9
4.5
4.1
4.5
3.7
4.2
4.0
4.2
4.3
3.8
3.7
3.8
4.5
4.9
4.7
4.5
3.7
4.0
10044:
4.1
3.7
3.3
3.8
3.9
4.5
3.7
3.9
3.2
3.6
3.6
2.8
3.2
4.1
3.8
4.6
4.2
3.0
4.7
4.1
3.6
4.1
3.6
4.1
3.4
3.5
3.1
3.8
4.0
4.0
3.4
4.1
4.4
3.4
4.0
3.6
3.8
3.7
3.6
3.4
3.7
4.8
3.5
3.0
4.4
3.5
3.7
3.1
3.8
3.7
3.6
3.4
3.4
3.8
3.5
3.9
3.8
3.7
3.5
3.5
4.2
3.8
4.2
3.6
10045:
3.6
10046:
2.7
2.4
2.1
9953:
3.7
9954:
3.3
4.3
3.7
3.6
3.9
3.7
3.8
3.8
3.7
4.6
4.0
3.7
3.9
3.9
4.5
4.1
3.6
4.1
3.7
4.0
3.8
3.7
4.2
4.2
3.8
5.0
4.6
3.8
4.3
4.0
4.3
3.6
3.8
4.0
3.7
3.9
3.7
4.5
3.9
4.1
3.8
4.3
4.1
3.9
3.9
4.6
3.7
3.2
3.7
3.4
4.2
4.5
4.1
3.5
4.1
3.6
4.2
4.3
4.1
4.1
4.1
4.4
4.2
4.6
4.2
4.6
3.6
4.7
3.7
4.1
3.9
4.4
3.9
4.2
4.9
4.2
4.4
3.9
9955:
3.3
3.1
2.3
3.8
2.9
3.8
2.9
9956:
3.5
9957:
3.2
3.0
2.5
2.8
2.8
9958:
2.9
4.3
3.9
3.7
3.8
3.9
4.0
9959:
3.6
4.3
3.5
3.2
3.1
2.8
3.3
3.6
3.8
4.2
3.8
3.5
3.3
3.4
3.4
4.1
3.3
2.6
3.0
3.6
4.0
3.5
3.3
4.3
3.2
3.0
2.9
3.1
3.3
3.4
3.1
3.4
3.6
3.2
3.5
2.4
3.6
3.9
3.7
3.7
3.6
3.4
3.9
3.2
3.9
3.3
2.9
3.4
3.2
3.3
2.5
996:
4.7
3.2
4.6
4.5
4.5
4.2
4.8
3.6
3.0
4.0
4.4
4.7
4.3
4.2
5.0
4.1
5.0
4.0
4.4
4.2
4.2
4.3
4.5
3.7
4.6
4.8
2.8
4.3
4.9
4.4
3.5
3.8
3.9
4.2
3.7
4.0
4.4
3.1
4.2
4.7
3.8
4.0
4.6
4.1
3.8
3.9
3.9
2.9
4.5
4.4
4.4
2.9
4.3
4.0
4.1
3.7
4.2
3.9
4.4
3.8
3.4
4.7
3.8
4.4
4.0
4.3
4.0
4.0
3.6
4.3
4.2
5.0
3.9
4.9
4.3
3.9
4.5
4.4
4.6
3.3
4.2
4.2
3.6
3.3
3.9
4.3
4.2
3.5
3.9
2.9
4.0
4.1
4.8
5.0
4.7
3.9
4.4
4.6
4.0
4.0
4.0
4.3
3.6
4.7
4.3
4.1
4.1
3.1
4.6
4.0
4.9
4.3
4.5
4.0
4.5
4.3
4.1
3.9
3.7
4.0
4.5
4.4
3.7
4.7
4.3
3.5
3.3
4.9
4.8
4.4
4.3
3.6
4.3
3.7
3.9
2.7
4.7
4.3
4.7
4.1
4.4
3.1
4.6
3.5
3.9
4.5
3.8
4.5
4.1
4.3
3.9
3.4
4.0
3.5
4.1
3.7
3.9
3.9
3.9
3.9
3.7
2.6
3.6
4.3
4.3
3.8
3.8
4.0
3.4
4.6
4.0
4.4
3.8
3.9
4.2
3.0
3.9
3.8
4.3
3.8
4.0
4.6
3.4
3.9
4.5
3.3
2.8
5.0
4.7
4.2
4.7
3.9
3.7
4.3
4.7
3.7
3.4
4.4
3.7
3.7
3.7
4.0
4.2
4.1
3.2
5.0
4.1
4.0
4.4
3.7
2.6
4.0
4.2
4.1
4.4
4.0
4.4
4.7
4.3
3.6
3.7
3.8
4.2
4.5
3.8
2.9
3.7
4.3
4.4
4.3
5.0
3.8
4.4
3.7
3.5
3.5
3.6
4.5
3.8
3.9
4.5
4.2
4.8
4.1
4.1
4.2
4.0
4.5
3.8
3.8
3.9
3.9
4.2
3.9
3.8
4.0
4.2
4.1
4.4
3.8
4.1
3.7
4.1
4.5
3.4
3.9
3.9
4.1
4.9
4.3
4.7
4.5
2.4
3.9
4.7
3.8
4.6
9960:
4.1
4.2
4.3
3.8
4.5
3.8
3.5
3.7
3.9
3.2
4.0
3.6
4.3
4.4
5.0
4.3
3.6
3.8
4.0
4.0
4.4
4.7
4.2
3.5
4.3
4.4
3.6
4.2
4.4
4.3
3.9
4.2
4.6
4.2
4.1
3.4
4.4
3.8
3.7
4.2
4.4
4.8
4.6
4.0
4.0
4.6
4.2
4.4
4.7
4.4
4.2
5.0
3.5
4.3
4.5
4.3
4.7
4.7
3.6
5.0
3.6
5.0
4.6
4.8
3.9
4.3
4.6
4.5
4.1
4.1
4.4
4.1
4.1
4.3
4.6
4.3
4.3
4.7
3.5
4.0
4.5
4.7
3.9
4.3
4.3
4.5
3.9
4.1
3.9
4.5
4.4
4.0
4.3
4.4
4.4
4.5
4.1
3.8
4.8
4.9
3.8
3.7
4.1
4.4
4.1
4.4
3.5
4.4
3.6
4.8
4.1
4.3
4.9
4.3
2.5
4.2
4.1
4.0
4.6
4.6
3.9
4.4
4.0
3.9
3.2
4.2
4.2
4.2
4.2
4.1
4.2
4.9
5.0
4.2
3.9
4.6
4.8
4.1
4.2
3.5
4.4
4.5
3.9
4.2
4.2
4.2
4.4
4.7
4.3
3.8
3.9
4.7
3.9
4.3
4.3
4.0
4.9
4.0
5.0
4.7
4.3
3.9
4.1
5.0
4.5
5.0
3.4
3.5
4.9
4.4
4.9
3.9
4.1
4.0
4.0
4.4
4.0
3.8
4.7
4.2
3.6
4.4
4.1
4.8
4.3
4.3
4.3
4.4
4.5
3.8
3.8
3.5
4.2
4.5
4.0
4.2
4.2
5.0
4.1
4.7
5.0
4.5
4.1
4.8
4.0
4.5
4.3
4.7
4.5
4.3
5.0
4.3
4.0
4.3
4.3
3.6
3.9
4.0
4.1
4.7
4.4
4.0
3.8
4.3
4.9
4.2
3.7
4.0
3.1
4.7
3.5
4.4
4.3
3.4
4.1
4.0
5.0
4.5
4.2
4.6
3.6
3.6
4.6
4.6
4.2
4.3
4.5
4.6
4.0
4.3
3.1
4.1
4.9
4.2
3.9
4.3
4.2
4.2
4.2
3.6
4.1
4.3
3.0
4.2
4.4
4.1
4.4
9961:
4.7
4.2
3.5
4.6
4.9
4.1
4.4
4.0
5.0
4.0
4.1
4.4
4.8
4.0
4.0
3.8
4.6
4.6
3.7
3.9
3.7
5.0
3.8
3.7
4.1
4.1
4.0
4.1
5.0
4.2
4.6
3.7
3.9
4.1
4.0
4.5
4.0
4.2
9962:
1.9
3.3
3.0
3.0
9963:
3.0
3.5
2.5
2.9
3.1
3.2
2.7
3.1
9964:
3.5
3.5
3.9
4.8
3.7
4.8
4.2
4.0
3.6
3.7
4.0
3.5
3.9
4.3
4.0
4.0
4.1
4.2
3.8
3.7
3.7
3.8
4.3
4.4
4.2
3.0
2.9
4.5
3.9
4.4
3.4
4.2
4.2
4.2
3.9
3.2
3.2
4.2
4.6
4.2
9965:
3.8
3.8
3.3
2.8
2.7
3.8
3.0
3.1
9966:
4.0
4.2
3.9
3.6
3.8
3.7
4.2
3.7
3.7
3.4
3.1
4.3
3.3
3.4
3.7
3.5
3.6
3.7
4.0
3.9
3.7
3.5
3.5
3.7
2.7
3.5
3.9
2.7
4.0
3.7
4.1
3.1
2.9
4.5
3.4
3.7
3.5
3.4
3.8
3.4
3.4
3.5
3.4
3.1
3.7
3.2
3.5
3.5
3.4
3.6
3.7
3.3
3.7
4.2
3.1
4.2
3.4
3.5
3.6
3.4
3.7
3.3
2.8
3.7
3.8
3.1
3.3
3.6
3.7
3.6
3.2
3.5
3.5
2.8
2.7
3.1
3.8
3.3
2.9
3.4
3.9
3.0
3.6
3.1
9967:
3.4
2.4
9968:
3.3
4.3
9969:
2.5
2.6
997:
3.8
3.5
3.1
3.7
3.1
3.5
3.0
3.8
4.6
2.9
9970:
4.0
4.0
3.2
4.4
4.1
4.4
4.2
4.2
4.2
3.7
4.2
3.9
3.6
4.7
3.7
4.4
5.0
4.3
3.9
3.8
3.9
3.9
3.6
4.1
4.5
4.3
3.9
3.8
3.7
3.7
4.0
4.1
4.2
4.9
4.0
3.9
4.2
3.7
3.9
4.4
9971:
2.7
3.7
3.9
3.7
9972:
3.1
2.9
2.6
2.9
3.9
2.1
2.2
3.0
3.1
3.1
3.1
2.8
3.0
9974:
3.5
2.7
3.2
2.1
3.1
3.1
2.8
3.3
3.0
3.7
2.7
2.8
3.4
2.8
2.8
3.1
3.2
9975:
2.0
1.0
2.5
1.1
2.2
1.8
1.8
1.0
9976:
4.2
3.5
3.2
3.6
4.3
3.6
4.0
3.6
3.2
3.7
4.0
3.6
3.9
3.9
2.9
3.9
3.4
4.0
4.6
3.4
3.7
3.8
3.5
3.6
3.4
3.9
3.8
4.6
3.9
3.6
9977:
3.7
3.5
2.8
3.2
3.5
2.8
2.8
3.6
2.8
3.3
3.5
3.5
3.4
3.2
3.5
3.4
3.1
3.7
3.2
9978:
2.6
2.8
2.7
2.3
2.5
9979:
4.3
4.3
4.1
4.5
4.8
998:
3.9
3.8
2.6
3.9
3.5
9980:
2.9
4.2
3.2
3.4
3.0
2.6
3.1
2.7
9981:
3.4
5.0
3.2
4.2
3.7
4.4
4.3
3.8
4.7
3.5
4.0
4.5
4.1
3.7
3.3
3.6
4.2
4.1
4.7
4.8
4.3
3.7
4.2
4.3
3.4
3.7
4.7
3.3
4.7
4.2
4.7
4.2
3.7
3.8
4.8
4.7
4.4
4.0
3.2
4.1
4.3
3.2
4.2
3.8
3.7
4.3
4.4
4.5
4.2
4.8
4.1
3.9
4.4
3.5
4.3
3.5
3.8
4.3
4.3
3.2
4.8
3.9
4.2
4.7
3.5
3.3
3.9
4.2
4.2
4.2
4.0
3.9
3.6
4.0
4.6
4.2
3.9
3.5
4.1
4.4
3.5
4.3
3.9
4.0
3.7
4.3
4.3
3.1
4.0
4.5
4.5
3.9
4.4
3.6
3.7
4.1
4.7
5.0
4.3
4.9
3.6
3.7
4.3
4.0
4.5
4.3
3.7
3.6
3.7
4.1
5.0
4.0
4.1
4.8
4.3
4.0
4.0
4.4
4.3
9982:
3.4
3.1
3.4
3.5
3.9
4.0
9983:
3.7
3.8
3.6
4.1
4.2
4.4
3.8
3.6
4.1
3.3
4.0
3.0
2.5
3.5
3.4
3.7
3.5
3.4
3.9
2.3
4.0
4.7
4.1
3.7
3.6
3.4
3.8
3.5
3.1
4.1
3.6
2.3
4.0
4.7
3.3
3.7
4.1
3.9
3.6
4.1
9984:
3.7
3.8
4.3
3.4
3.4
4.1
3.2
3.7
3.6
3.3
3.6
4.1
3.6
3.7
4.6
3.7
4.5
3.5
3.7
4.8
3.5
3.2
4.3
3.9
4.8
4.1
3.8
3.7
3.8
4.4
3.7
4.0
3.9
4.4
3.8
4.0
3.4
4.1
3.7
3.8
4.3
4.1
3.8
4.0
4.4
3.4
2.6
4.1
3.9
3.6
2.9
4.1
3.5
4.2
3.9
3.4
3.6
4.6
3.7
4.1
4.1
4.3
4.0
3.8
4.4
3.7
4.0
3.8
3.9
3.3
3.1
4.4
3.6
4.6
2.8
4.6
4.2
3.7
3.4
3.5
3.7
4.6
3.4
3.9
4.3
3.5
9985:
2.9
3.4
3.9
3.8
3.3
2.9
3.3
3.4
3.3
4.0
3.2
3.5
3.8
2.9
2.6
3.1
2.9
4.3
3.4
2.7
3.7
3.8
3.7
3.2
3.3
3.4
3.6
3.2
2.5
2.9
3.3
2.8
2.8
3.4
3.3
3.0
2.9
3.2
2.9
3.3
3.5
3.0
2.8
3.6
3.1
3.4
2.7
3.2
3.9
3.7
3.5
4.0
3.1
3.1
3.1
2.8
4.4
4.0
3.1
3.6
2.8
2.7
3.4
3.7
3.3
4.0
3.4
2.3
3.0
9986:
3.3
4.0
3.7
3.7
4.1
3.7
3.4
3.7
3.1
3.6
3.5
3.5
3.7
3.9
3.5
3.9
3.5
4.1
3.0
3.7
3.4
3.2
3.9
3.4
3.1
4.4
2.6
4.2
3.6
3.2
3.5
3.4
3.5
3.6
3.7
4.5
3.6
3.4
3.2
3.8
3.3
3.6
3.7
4.4
3.5
3.6
3.5
3.3
3.0
3.8
3.9
3.7
3.4
4.2
3.2
2.6
3.8
3.6
4.2
9987:
3.6
3.0
3.3
4.5
3.5
4.1
4.5
4.9
3.4
4.1
3.6
3.8
3.0
2.9
3.7
3.8
3.9
3.4
4.0
3.0
4.3
2.9
4.1
3.4
3.5
3.6
3.8
4.8
4.0
4.2
3.9
3.3
4.2
3.9
3.5
2.9
3.3
3.5
3.9
4.3
4.1
3.9
3.1
3.8
3.5
4.2
4.1
3.8
4.0
3.8
4.0
3.3
3.5
3.8
3.3
3.9
3.7
3.8
3.7
9988:
4.0
3.6
3.2
4.2
4.9
3.5
3.6
3.8
3.6
3.8
4.3
4.0
4.3
3.9
4.1
3.4
3.8
4.4
5.0
4.7
4.6
4.6
4.2
3.3
9989:
2.3
2.6
2.5
3.3
999:
2.6
2.7
2.4
3.0
2.4
2.6
2.1
2.2
2.7
3.0
2.9
3.2
2.0
2.8
2.6
1.8
2.2
9990:
4.6
3.3
3.1
3.9
3.8
4.0
3.4
4.0
3.8
9991:
3.6
3.8
3.7
3.2
3.6
3.7
3.8
3.0
2.7
4.0
3.0
2.7
3.3
3.7
2.5
3.4
4.3
3.5
2.6
4.2
3.9
3.3
3.7
4.1
3.4
3.2
3.8
2.9
3.8
3.7
3.7
3.7
3.9
4.2
3.4
3.8
3.3
3.5
4.0
3.1
3.9
3.7
3.8
3.4
3.8
4.0
3.7
4.8
3.6
3.2
3.9
3.5
2.5
3.7
2.7
3.7
4.0
3.4
3.1
3.1
2.7
3.4
4.4
3.5
3.6
4.3
2.7
3.8
3.1
3.4
4.4
3.5
4.0
3.8
3.5
3.5
3.6
3.9
3.4
3.8
4.1
3.5
3.8
3.4
3.4
2.9
3.0
4.6
3.4
2.6
4.1
3.5
3.2
3.4
3.3
3.8
3.4
3.6
3.2
3.7
4.4
3.7
3.0
3.5
3.5
3.7
3.7
3.9
4.2
4.1
3.7
3.5
3.6
3.3
9992:
1.7
1.8
9993:
5.0
4.3
3.4
3.5
3.9
3.7
3.9
9994:
3.5
3.1
3.6
3.7
4.0
9995:
3.3
3.3
3.2
2.5
2.8
3.4
3.0
4.2
3.4
3.1
3.0
3.0
3.7
2.9
3.4
4.0
3.4
2.7
2.5
3.4
2.9
3.3
3.0
2.8
3.0
3.3
3.5
3.7
3.6
2.9
3.7
3.7
2.9
3.7
3.0
3.6
2.8
3.4
3.5
3.4
3.8
3.2
3.5
3.3
3.3
3.1
3.6
3.1
4.1
3.4
3.0
3.4
2.6
3.3
3.1
3.4
2.9
3.3
3.0
4.0
3.3
4.0
3.5
4.0
2.2
3.6
4.0
3.2
3.7
3.7
3.2
3.5
3.5
3.5
3.8
3.3
3.5
3.8
3.8
3.2
3.0
2.7
3.3
3.8
3.5
2.5
3.5
3.1
3.7
3.1
3.6
3.2
3.6
3.1
2.9
3.3
3.7
3.6
3.3
2.7
3.1
4.5
3.6
4.0
2.9
3.2
3.9
3.0
3.1
2.4
3.8
3.4
3.5
3.2
3.4
3.3
3.6
3.7
3.8
3.6
3.9
3.1
3.1
3.4
3.3
4.0
3.1
3.4
2.7
3.5
1.8
3.4
3.4
3.0
3.3
3.5
2.7
3.1
3.0
3.6
3.6
2.9
3.2
4.4
2.9
3.2
3.7
2.6
3.6
4.3
3.9
3.1
3.8
3.3
3.5
3.3
2.9
3.3
3.6
3.5
3.7
3.2
3.4
3.7
3.7
3.8
3.8
3.8
3.5
3.9
4.1
3.7
3.2
3.3
3.0
2.6
3.2
3.3
3.4
3.8
3.6
3.6
3.2
3.5
3.3
3.3
3.9
3.2
2.3
4.2
3.1
3.7
3.3
3.0
3.3
3.3
3.7
2.5
2.9
3.9
3.0
3.5
9996:
4.2
3.1
3.0
3.4
4.3
3.3
3.8
3.7
3.9
2.5
3.1
3.7
3.7
3.0
2.7
3.1
3.0
3.1
2.9
9997:
3.7
3.9
3.8
4.0
9998:
2.8
3.0
3.7
9999:
1.3
1:
3.8
3.4
3.7
4.8
3.8
4.0
3.5
3.8
4.1
3.6
3.1
3.7
4.1
4.1
2.9
4.0
3.7
4.6
4.2
4.3
3.2
5.0
3.6
10:
3.0
2.7
1000:
3.3
3.0
2.7
4.7
3.8
3.4
3.3
4.0
3.0
2.5
3.3
3.6
3.3
4.4
4.0
3.1
3.0
3.1
3.2
3.7
3.4
3.9
2.4
3.1
4.1
3.1
3.6
10000:
3.7
3.6
10001:
3.5
4.4
3.8
2.8
4.4
3.5
3.5
4.1
4.0
3.6
4.2
4.2
3.0
4.3
3.7
3.6
4.5
RMSE: 0.9441
