14181:
3.6
3.4
3.4
4.0
3.6
3.3
4.0
3.1
3.3
3.5
3.4
3.6
3.5
3.3
3.2
3.5
3.3
3.7
3.6
3.5
3.4
3.4
14180:
3.3
3.7
3.6
3.0
3.9
2.8
3.2
3.2
3.1
3.7
3.6
3.4
2.9
3.6
14183:
3.6
4.0
3.6
3.7
3.7
3.7
3.4
3.8
3.7
3.8
3.8
3.5
3.4
3.6
3.4
3.1
3.7
14182:
3.6
3.4
3.6
3.6
3.8
3.5
4.0
3.6
3.5
3.8
3.4
3.5
3.6
3.7
3.5
14185:
3.8
3.6
3.7
3.8
4.0
4.5
3.8
3.8
3.7
4.0
3.6
3.9
3.7
3.8
4.0
3.8
3.9
3.6
4.0
3.7
4.6
4.0
3.8
4.1
4.3
3.8
3.8
3.6
4.0
3.9
3.7
3.7
3.9
3.8
4.0
3.9
3.7
4.0
4.0
3.7
3.6
3.8
3.4
3.8
4.0
3.9
4.1
4.2
4.1
3.3
3.8
3.6
4.0
4.0
3.9
4.5
3.8
4.1
3.6
3.8
3.8
4.9
4.1
3.7
3.8
4.1
3.7
4.0
4.1
3.6
4.0
3.7
4.1
4.0
3.8
4.0
3.9
3.8
3.7
4.3
3.9
3.8
3.7
3.8
3.5
3.7
4.0
3.9
4.3
3.7
4.0
3.9
4.0
3.7
4.2
3.9
3.9
3.8
3.8
3.9
4.0
3.7
3.8
3.9
4.0
3.7
4.0
3.9
3.9
3.7
4.1
3.8
3.5
3.8
3.8
4.0
3.9
3.9
3.7
3.4
3.9
3.9
3.9
3.6
4.0
3.9
4.0
3.6
3.4
3.9
4.3
3.8
3.8
3.8
3.9
3.9
3.6
4.0
3.9
3.7
3.8
3.8
3.9
3.9
3.7
4.0
4.1
4.6
3.5
4.2
3.4
3.5
4.2
3.9
3.9
4.3
4.1
3.6
4.2
4.1
4.0
3.6
3.8
4.0
4.0
3.8
4.2
3.6
3.9
4.0
4.0
3.7
3.8
3.6
3.9
3.7
3.9
3.9
3.9
4.2
4.3
4.0
3.7
3.8
3.7
4.0
4.0
3.6
3.8
3.7
4.1
4.0
4.3
4.2
3.8
4.1
4.1
4.0
3.6
4.0
3.8
4.1
4.2
3.8
4.3
3.6
3.8
3.8
3.9
3.8
3.8
3.8
4.0
3.9
4.0
3.6
4.2
3.7
3.8
3.8
3.9
3.9
4.0
3.7
3.7
4.5
3.8
4.1
4.0
3.6
3.8
3.9
3.5
3.8
3.9
3.8
3.9
3.9
4.0
3.6
4.1
3.9
3.9
4.0
4.4
4.2
4.0
4.0
3.7
3.8
4.1
3.7
3.9
4.0
4.3
3.8
3.7
3.9
4.0
3.9
3.9
3.8
4.1
3.7
4.1
4.2
3.8
4.1
3.7
3.9
4.1
3.9
3.6
4.0
3.9
3.6
3.9
3.8
3.8
3.9
4.1
3.8
3.9
3.6
3.8
3.9
3.9
3.9
3.9
4.3
3.9
4.1
3.9
3.9
4.0
3.9
3.8
3.9
3.9
3.7
3.8
3.7
3.5
4.5
4.0
3.7
4.1
3.9
3.6
3.7
4.0
4.1
4.1
4.4
3.6
4.0
4.1
3.9
4.2
3.9
4.2
4.1
3.8
3.9
3.5
3.9
3.6
3.8
4.1
3.9
3.9
3.6
3.6
3.9
3.8
3.8
3.7
4.0
4.0
3.9
3.7
3.9
3.9
4.0
3.9
4.2
4.0
3.9
4.0
4.1
4.0
3.8
2.4
3.9
4.1
3.7
3.7
4.0
3.9
3.5
4.0
4.3
3.8
3.8
3.9
3.8
4.0
3.5
3.8
3.9
4.3
3.7
4.0
3.8
3.7
3.8
3.6
3.9
3.6
3.9
3.8
3.9
3.9
3.7
3.9
3.9
3.6
3.7
3.7
3.7
3.8
3.8
4.0
4.0
3.7
3.6
4.1
3.9
3.9
3.7
3.8
3.9
3.8
3.8
3.9
3.8
4.0
3.8
4.1
3.6
3.6
4.0
4.1
3.7
3.8
3.9
3.8
4.0
3.7
4.0
3.5
3.8
3.8
3.8
3.9
4.3
4.1
3.6
3.8
4.0
4.0
3.9
3.9
4.0
4.3
3.9
3.6
3.8
4.4
3.9
3.8
3.4
3.5
3.8
3.8
4.1
3.9
3.9
3.8
3.4
3.8
4.4
3.9
4.0
4.2
3.7
3.6
4.0
3.6
4.1
3.7
4.1
3.7
3.7
3.7
3.5
3.5
4.1
4.3
4.1
4.7
3.6
3.9
3.8
3.5
4.0
3.9
3.8
3.8
3.7
4.0
3.9
3.8
3.9
3.8
3.9
4.0
3.8
4.0
4.1
4.6
4.0
4.3
3.8
4.1
3.9
4.3
4.3
3.5
4.4
3.4
3.7
3.8
3.9
4.2
4.4
4.2
4.0
3.8
3.7
3.8
3.8
4.0
4.2
3.9
3.9
4.0
4.0
3.9
3.8
3.6
4.0
4.1
3.9
4.1
3.9
4.2
3.8
3.8
3.9
3.8
3.7
4.1
4.0
3.7
3.9
4.0
3.6
3.9
4.0
3.5
3.8
3.9
3.7
4.0
4.2
3.8
3.6
3.7
4.0
4.4
4.1
3.8
3.7
3.4
3.8
3.9
3.7
3.9
4.1
4.0
3.8
4.0
4.0
3.7
3.9
4.0
4.1
4.0
4.0
3.8
3.8
3.7
3.6
3.9
3.9
3.9
4.1
4.0
3.7
4.1
3.9
3.7
3.9
3.8
4.0
4.0
4.0
3.9
4.1
3.9
4.2
3.9
3.9
3.6
3.6
4.0
3.9
4.1
4.5
3.7
4.0
4.1
4.1
4.1
3.8
3.8
3.8
3.9
3.9
3.6
3.9
3.8
3.7
3.7
3.9
4.2
3.5
3.9
3.8
3.3
14179:
3.6
3.3
4.2
3.2
4.4
3.6
14187:
4.1
3.2
3.7
3.6
3.5
3.9
3.9
3.6
3.7
3.8
3.8
3.5
3.7
3.7
3.8
3.8
3.8
3.9
3.7
3.9
3.7
3.4
3.8
3.7
4.1
3.9
4.4
3.8
3.7
3.9
3.8
3.4
3.9
4.0
3.8
3.6
3.6
3.7
3.9
4.5
3.8
3.8
3.8
4.0
3.8
3.5
3.7
3.8
3.8
3.6
3.7
3.5
3.8
3.7
4.4
4.3
3.2
4.0
4.2
3.8
4.2
4.2
3.8
3.7
3.8
4.0
3.7
3.7
3.7
4.2
3.8
3.8
3.7
4.2
3.5
3.8
3.7
4.1
4.0
3.9
4.0
3.9
4.5
4.2
3.8
4.3
3.9
3.9
4.1
3.6
3.7
3.8
3.7
4.1
4.0
4.0
4.1
4.1
3.9
3.1
3.6
3.8
3.4
3.6
3.9
3.7
3.6
4.0
3.7
3.5
3.9
4.1
3.7
4.3
3.2
3.7
4.1
3.7
3.6
3.9
4.5
4.2
3.5
4.2
3.4
4.1
3.6
4.5
3.8
3.7
3.9
3.7
3.9
3.6
14184:
3.7
4.3
3.9
4.3
3.9
3.6
3.3
3.6
3.8
3.8
3.2
3.6
3.9
3.8
1418:
3.7
4.3
4.3
4.3
3.8
4.4
4.7
4.5
4.2
4.3
4.4
4.7
4.2
4.0
3.9
4.5
4.3
4.5
3.9
4.0
4.2
4.3
4.4
4.4
4.3
4.3
4.8
4.2
3.7
4.5
4.7
3.6
4.1
4.2
3.9
4.0
4.6
4.4
4.3
4.3
4.0
4.2
4.2
4.1
4.4
3.8
4.1
4.4
4.3
4.4
4.5
3.7
4.5
4.3
4.2
4.5
4.0
4.3
4.3
4.4
4.3
4.3
4.1
4.3
4.2
4.3
4.2
4.1
4.4
3.9
4.2
4.5
4.7
4.6
4.1
4.4
4.1
3.9
4.1
4.8
4.1
4.2
4.0
4.3
4.3
4.1
4.5
4.3
3.7
4.3
4.8
3.4
4.4
4.7
4.5
4.3
4.5
4.2
4.2
3.9
4.3
4.1
4.3
4.2
4.3
4.3
4.2
4.1
3.8
4.2
4.3
4.3
4.2
4.1
4.2
4.4
4.4
4.7
4.0
3.8
4.1
4.0
4.2
4.0
3.9
4.4
4.2
14186:
3.1
3.2
3.2
3.4
3.2
3.4
3.3
3.1
3.4
3.1
3.4
3.5
3.2
3.0
3.0
3.7
3.3
3.0
3.1
3.1
3.2
3.2
RMSE: 0.975
