1:
3.6
4.4
3.7
3.6
4.3
3.9
10:
3.3
1000:
3.5
3.8
3.3
3.4
3.1
3.5
3.9
10000:
4.1
10001:
3.6
4.0
3.5
4.0
4.1
10002:
4.4
4.4
10003:
3.1
10004:
4.5
4.1
3.9
3.9
4.1
4.0
4.7
4.0
10005:
3.5
3.3
10006:
4.1
4.2
10007:
2.9
3.5
3.2
3.2
10008:
4.1
2.9
10009:
3.3
3.1
1001:
3.8
3.9
3.1
3.2
3.8
3.2
3.4
4.0
3.3
3.9
3.9
3.9
3.1
3.0
3.4
3.7
3.9
3.9
3.6
2.9
3.8
3.5
3.5
3.8
3.4
3.6
3.7
3.6
3.6
3.1
3.4
3.4
3.6
3.5
10010:
3.1
2.9
3.1
3.2
2.7
3.2
2.8
10011:
3.9
3.5
10012:
3.3
3.5
3.0
4.1
10013:
3.6
3.5
3.4
3.4
3.2
3.4
4.1
3.3
3.4
3.8
3.7
3.3
3.2
3.6
4.0
10014:
3.1
3.3
10015:
3.7
3.7
3.8
3.5
3.9
4.5
3.4
10016:
3.2
3.2
10017:
3.3
3.2
10018:
4.2
4.2
3.6
4.2
4.1
3.9
4.1
3.8
4.1
10019:
3.5
3.8
3.4
4.3
3.7
3.5
3.7
3.4
3.5
3.7
3.8
3.7
3.8
3.4
3.2
4.0
3.3
3.5
1002:
3.3
3.3
3.4
3.6
10020:
3.7
3.8
3.5
3.9
3.8
3.4
3.5
2.6
10021:
2.9
3.3
10022:
3.0
3.7
10023:
3.8
3.6
3.5
10024:
3.9
4.0
3.4
10025:
3.3
10027:
4.2
4.1
3.5
3.8
3.9
4.1
3.9
3.9
4.5
4.0
3.9
4.5
4.1
3.8
3.5
4.3
3.6
3.4
4.1
4.3
3.4
3.3
4.0
10028:
3.8
3.7
3.2
10029:
3.3
4.3
10031:
3.5
3.9
3.7
10032:
3.7
4.5
3.7
3.3
4.3
3.3
3.6
3.6
3.9
3.6
4.2
3.3
4.3
10033:
3.7
2.8
2.7
3.5
10034:
2.5
10035:
4.0
4.3
3.6
3.8
3.8
10036:
3.5
3.3
3.5
3.5
3.8
3.0
3.8
3.7
3.4
3.6
3.9
3.8
4.1
3.8
4.1
3.8
4.0
3.5
3.9
4.0
4.0
3.8
3.7
4.0
3.4
3.9
4.1
3.4
3.4
3.7
3.9
3.5
4.0
3.2
3.4
3.2
3.7
3.7
3.8
3.5
4.1
3.8
3.9
3.5
3.8
3.9
3.7
3.6
3.3
3.1
3.7
3.7
3.7
3.6
10037:
3.7
3.7
3.2
3.6
10038:
4.0
3.3
10039:
2.7
1004:
2.9
2.9
3.3
2.9
3.3
3.3
3.1
2.7
3.3
10040:
3.4
3.3
10041:
3.7
3.3
3.5
3.0
3.0
3.1
3.0
3.1
3.2
10042:
4.3
4.1
4.1
4.0
4.0
4.3
4.4
4.6
4.1
4.5
4.3
3.4
4.4
3.6
3.6
4.5
4.3
3.6
3.6
3.9
4.2
4.1
4.1
4.4
4.2
4.3
4.8
4.2
4.1
4.4
4.5
4.7
4.5
3.7
3.1
4.7
4.8
4.6
3.9
4.8
3.9
4.6
4.4
4.2
4.0
4.7
4.3
4.8
4.4
4.2
4.0
4.6
2.3
3.8
4.6
4.2
4.4
4.1
4.4
3.9
4.2
4.5
3.9
4.4
4.2
3.9
3.8
4.1
4.0
4.5
4.2
4.4
4.0
4.5
4.1
4.1
4.2
4.2
4.3
4.0
2.9
4.0
4.5
4.4
4.4
4.8
4.5
4.6
4.2
3.8
4.5
4.2
4.2
4.2
4.0
3.4
4.1
4.5
4.5
3.9
3.6
4.0
4.2
4.5
4.3
4.5
4.0
3.9
4.2
4.3
3.1
4.7
4.3
3.7
4.8
4.2
3.8
4.0
4.5
4.8
4.6
4.7
3.9
3.8
4.0
4.2
4.0
4.5
4.4
4.8
4.7
4.0
4.7
4.6
4.5
4.5
4.4
4.4
4.2
2.3
3.9
4.1
4.3
3.3
4.2
3.5
3.7
4.2
4.4
3.9
4.1
4.3
4.1
4.3
4.8
4.8
4.1
4.0
4.0
3.9
4.0
4.3
4.2
4.5
4.1
4.3
4.1
4.2
4.1
4.4
4.2
4.3
3.8
3.9
4.0
4.5
3.7
4.2
4.0
4.5
4.2
4.7
3.7
3.9
3.8
4.0
3.9
4.2
4.8
4.2
10043:
4.4
4.7
4.5
4.0
4.7
4.7
3.6
4.2
4.2
4.0
2.2
4.2
3.5
4.2
4.0
4.7
10044:
4.0
3.6
3.6
3.1
4.3
4.1
4.1
3.6
3.9
3.5
3.4
3.2
3.1
3.5
3.9
3.6
3.7
10045:
3.6
10046:
3.2
10047:
3.8
4.2
10048:
4.1
3.3
10049:
3.0
1005:
3.5
3.1
3.0
3.2
10050:
3.2
3.1
3.0
10051:
3.7
3.3
3.4
3.4
3.6
3.7
10052:
3.6
3.4
10053:
3.6
3.9
2.6
3.9
4.4
4.0
2.6
3.9
3.0
3.5
3.1
4.0
4.3
3.6
3.8
3.9
3.7
4.3
10054:
3.3
3.4
3.3
3.8
10055:
4.0
4.0
3.5
3.2
3.6
3.3
3.6
3.3
3.4
3.6
3.9
2.9
3.3
3.6
3.7
3.5
3.2
3.4
3.5
3.3
10056:
2.6
3.4
10057:
3.2
3.5
10058:
3.2
3.4
10059:
2.5
1006:
3.9
3.9
4.2
3.8
4.0
3.6
3.7
4.5
10060:
3.5
3.2
3.5
10061:
3.4
3.7
3.9
3.9
4.2
3.7
3.9
4.2
3.9
4.1
4.0
4.7
4.1
3.8
4.2
3.4
4.1
4.3
3.7
4.4
4.0
3.9
4.0
3.7
3.9
4.6
4.2
3.5
3.6
3.7
3.1
4.0
3.7
3.8
4.7
3.7
4.0
4.0
10062:
3.1
10063:
3.6
4.3
2.1
4.2
10064:
2.8
3.3
10065:
3.4
3.3
3.6
3.0
3.8
3.4
3.1
3.5
3.1
3.0
10066:
3.2
2.9
10067:
3.7
4.0
3.7
10068:
3.7
3.3
10069:
3.3
1007:
3.5
3.5
10070:
3.3
2.6
10071:
3.6
3.4
3.6
4.0
3.9
3.8
10072:
3.8
3.9
3.8
4.3
4.0
3.7
4.0
3.6
4.1
4.2
4.1
4.4
3.7
4.1
3.6
3.4
3.9
4.4
3.8
10073:
3.6
3.7
3.2
3.6
3.8
10074:
4.6
4.6
3.6
4.2
3.2
10075:
3.0
10076:
3.9
3.8
10077:
4.5
4.1
4.0
4.0
10078:
3.4
3.5
3.4
3.9
3.8
3.4
3.8
2.8
3.8
3.4
3.7
3.8
3.7
3.6
3.9
3.2
3.3
3.3
3.6
3.2
3.5
3.2
3.8
3.6
3.5
3.7
3.5
3.5
3.4
3.4
3.9
3.2
3.4
3.7
3.9
3.7
10079:
4.3
4.1
4.1
4.3
3.8
4.5
1008:
3.9
3.6
3.5
3.7
4.0
4.6
4.1
3.3
3.6
3.6
3.8
10080:
4.1
4.2
3.9
3.7
4.0
3.8
3.6
4.2
3.8
3.5
3.5
4.0
4.3
4.0
4.1
3.3
3.7
3.5
3.6
3.7
3.7
4.5
3.8
4.0
4.0
3.9
4.3
4.0
4.2
4.0
3.8
4.0
3.8
3.7
4.0
3.3
3.9
3.6
4.6
4.3
3.6
4.0
4.3
4.0
3.8
3.9
4.0
4.0
4.2
3.9
3.5
4.1
3.8
4.0
3.5
3.6
4.0
4.2
4.0
3.5
3.7
3.9
4.1
3.6
3.8
3.8
4.0
4.1
4.2
3.8
4.4
3.5
3.8
3.6
4.0
3.5
3.9
3.5
3.8
4.0
4.2
4.0
4.3
3.8
4.1
3.5
4.0
3.7
4.7
3.9
4.2
4.3
4.1
3.5
2.9
3.8
4.0
4.2
3.4
4.1
4.2
4.2
3.7
4.0
4.0
4.0
3.6
4.0
3.4
3.8
4.3
3.9
4.2
3.7
4.0
3.9
3.9
3.6
3.8
4.0
3.7
4.2
3.9
3.7
3.7
3.8
3.8
4.1
3.5
4.1
4.2
3.8
4.0
3.9
4.1
3.6
4.1
4.1
4.1
4.0
3.7
0.8998
